2018-02-07-09-48-46
'data'

2018-02-07-09-49-34
'data'

2018-02-07-09-50-05
'data'

2018-02-07-09-50-28
'data'

2018-02-07-09-51-01
'data'

2018-02-07-09-51-22
'data'

2018-02-07-09-52-16
'data'

2018-02-07-09-52-46
{"code":1000,"message":"api.bad_request"}

2018-02-07-09-52-46
name 'result_data' is not defined

2018-02-07-10-04-14
{"code":0,"data":{"access_token":"SEV0001MTUxNzk2OTA1MXx0YXc3bHVka1lKVnUzR1NDZUp6M0d4Y3cySXF0bnFPajlvU1ZUZ1BMam9sX3JzOV92SmlNV0lEcnVFejd3WG41d2xEWXNzMGVSUVdfR1ZlQmY1SmNBdE9BeThOOGgtT2lmUjlEXzRSbmtkY0ttSFBiRW5pNUVQMmVwdnJwRWdkSUpVZXdaNzVEdmlyQmU5TFVJbFZhamRwYndWc09UeDJ0N1Jmd2J3PT180S5fgbOccvoe4rtkRIsWR6RspYF9PClmzZqsDwocoyM=","refresh_token":"SEV0001MTUxNzk2ODk2N3xsQmc5TFl6M0ZwSEp5X1pIcXhFMlhwRVBlOTAxUURvM0tTSjktMHV3dGQyTktWaFRHOGRZVmF6cW4tbVFHbk1IeDZoOTdQeXY4RGFUZ0ZxSUZDb1JRMDIyZ1ljZUM4U1hjLUJDQmx6MS1RZERDZmVCcmxCTXRtVXZIdVd5WldZVktiZ3JPNGtvaExaZHVMRnlmX0otcWE3QWtSVEdCd0ZtcGtJbUdzSHc1c2V3VkwwbEYtUVNQaS1kNUJPVmo4d24xUT09fNDlCKR555hiWxqD5qsQkdIoBvHkIJwqaC1sFLlT3loq","expires_in":2591999,"expiry_time":1520561051,"merchant_user_id":"1510810263662963455-13-3-709-3991257234"}}

2018-02-07-10-04-14
name 'result_data' is not defined

2018-02-07-10-05-06
{"code":0,"data":{"access_token":"SEV0001MTUxNzk2OTEwM3xWOUpISU52YlVfQ0VpcUhDckhKNHVJMC1mTDVfSTlZSmw2eGhVLUhwOEh2TDVKS1k4cUpVM1p3aV9MNHZmZkRXUVRKNjB1SjZubXZ3YnMzVGoyd1FpVXQzUkNITkVobkJ6bWU2NnBQMUd3aTA1R3lYLWtDOTdyY1NqcHgyZjBmNS03UmQ4SmVkSkFwNTYzazQwV01acVJCRDdSQ3ZlZW5xQUZaZGlBPT18jTiliSwVmiFchZgG349KK73J0TdtUCI4SRVEp-qSAcI=","refresh_token":"SEV0001MTUxNzk2ODk2N3xsQmc5TFl6M0ZwSEp5X1pIcXhFMlhwRVBlOTAxUURvM0tTSjktMHV3dGQyTktWaFRHOGRZVmF6cW4tbVFHbk1IeDZoOTdQeXY4RGFUZ0ZxSUZDb1JRMDIyZ1ljZUM4U1hjLUJDQmx6MS1RZERDZmVCcmxCTXRtVXZIdVd5WldZVktiZ3JPNGtvaExaZHVMRnlmX0otcWE3QWtSVEdCd0ZtcGtJbUdzSHc1c2V3VkwwbEYtUVNQaS1kNUJPVmo4d24xUT09fNDlCKR555hiWxqD5qsQkdIoBvHkIJwqaC1sFLlT3loq","expires_in":2591999,"expiry_time":1520561103,"merchant_user_id":"1510810263662963455-13-3-709-3991257234"}}

2018-02-07-10-05-06
name 'result_data' is not defined

2018-02-07-10-06-19
{"code":0,"data":{"access_token":"SEV0001MTUxNzk2OTE3OXw3Y1FhRERaY0NsdlpaU0RxQ2xRcUxaWFpQVXNrZ2plT1VuMjlPWnlTY1NEWW9lVk45dHFVeVNwTGVuRmsyTzZBTkZ6Y3BXQXBQVFdnR1oxRGVUekdTSndzT0VvanBLUEwtbWdRQlRHdkcyeDUydGhxeFVjcEg0ejBrY294T0tTOUstR00zVjJyQ183b0txWi03NlVCaG1WLWxSYTdrY1NNVnd0V1FRPT18JAnt9rLe4KIA1dblbR0FoOJRT4a87WRHVbZaG8U_v4E=","refresh_token":"SEV0001MTUxNzk2ODk2N3xsQmc5TFl6M0ZwSEp5X1pIcXhFMlhwRVBlOTAxUURvM0tTSjktMHV3dGQyTktWaFRHOGRZVmF6cW4tbVFHbk1IeDZoOTdQeXY4RGFUZ0ZxSUZDb1JRMDIyZ1ljZUM4U1hjLUJDQmx6MS1RZERDZmVCcmxCTXRtVXZIdVd5WldZVktiZ3JPNGtvaExaZHVMRnlmX0otcWE3QWtSVEdCd0ZtcGtJbUdzSHc1c2V3VkwwbEYtUVNQaS1kNUJPVmo4d24xUT09fNDlCKR555hiWxqD5qsQkdIoBvHkIJwqaC1sFLlT3loq","expires_in":2591999,"expiry_time":1520561179,"merchant_user_id":"1510810263662963455-13-3-709-3991257234"}}

2018-02-07-10-06-19
name 'result_data' is not defined

2018-02-07-10-07-30
{"code":0,"data":{"access_token":"SEV0001MTUxNzk2OTI1MHw2MjRnNWFQMWRScHhlVzkwQjdKQ1hFQ29haERHb3NtNVRMNjBuUU13N2pzZUFrZjllV0NLTjJ5TkprN2ZQSVNGdWR2TGphdng1bF9rcnFXQTBUQzdQalJJWUVGeTYzZG5nNTExdGY3UHI5N3poS2t1R2NzcElrZU1mZ2FPcFg4OHpEMnhnRG9xZE1waXZ1bVlib1NmSndLTHRBSGczcG5mRWNxZjVnPT183ysMkoqcDvzoM5WfFnp5OXzdPtHpBoHmRKNig3JX2ic=","refresh_token":"SEV0001MTUxNzk2ODk2N3xsQmc5TFl6M0ZwSEp5X1pIcXhFMlhwRVBlOTAxUURvM0tTSjktMHV3dGQyTktWaFRHOGRZVmF6cW4tbVFHbk1IeDZoOTdQeXY4RGFUZ0ZxSUZDb1JRMDIyZ1ljZUM4U1hjLUJDQmx6MS1RZERDZmVCcmxCTXRtVXZIdVd5WldZVktiZ3JPNGtvaExaZHVMRnlmX0otcWE3QWtSVEdCd0ZtcGtJbUdzSHc1c2V3VkwwbEYtUVNQaS1kNUJPVmo4d24xUT09fNDlCKR555hiWxqD5qsQkdIoBvHkIJwqaC1sFLlT3loq","expires_in":2591999,"expiry_time":1520561250,"merchant_user_id":"1510810263662963455-13-3-709-3991257234"}}

2018-02-07-10-07-30
name 'result_data' is not defined

2018-02-07-10-08-12
{"code":0,"data":{"access_token":"SEV0001MTUxNzk2OTI5MnxyekFsR3c5dklCaFZza21VdGdZdXVybk9XcFdLV1NLd211MUI1NGliMnE1OHRCZFBTRXdYMHg0NVdhbnc2ajBTQzM4R3pDdlEtZzBjdFE3akVKaXd2NVVhM3NTbm1DeFljelBlUXZpaGdHa20zWEN1S0ktdEZkby1Gb2t0VC1kT2R4RTBWUVJ4bnBFMnQ4WG44R1c3M2pPQkNlRURWVWhqcUN4NElRPT18mTBUZi9BDu-27NnWPVVnAz9TwBNbcWReb-SI1_uPR6Q=","refresh_token":"SEV0001MTUxNzk2ODk2N3xsQmc5TFl6M0ZwSEp5X1pIcXhFMlhwRVBlOTAxUURvM0tTSjktMHV3dGQyTktWaFRHOGRZVmF6cW4tbVFHbk1IeDZoOTdQeXY4RGFUZ0ZxSUZDb1JRMDIyZ1ljZUM4U1hjLUJDQmx6MS1RZERDZmVCcmxCTXRtVXZIdVd5WldZVktiZ3JPNGtvaExaZHVMRnlmX0otcWE3QWtSVEdCd0ZtcGtJbUdzSHc1c2V3VkwwbEYtUVNQaS1kNUJPVmo4d24xUT09fNDlCKR555hiWxqD5qsQkdIoBvHkIJwqaC1sFLlT3loq","expires_in":2591999,"expiry_time":1520561292,"merchant_user_id":"1510810263662963455-13-3-709-3991257234"}}

2018-02-07-10-08-12
name 'result_data' is not defined

2018-02-07-10-08-54
{"code":0,"data":{"access_token":"SEV0001MTUxNzk2OTMzNHxoY1VqWGRYb3dhdGRLY2tmMXhTaWlUSGZhX2MxM0hHd2RyNFZqV2ZlSF82TFRER1VEVDhTVnVtdTQ0cUgtODRRYlpmOVJlTTBDNzdDNlNGYXNGRVdWUC1fRkJBeUYwakNIdjNkMzBTTVVnWmU3cjRIQnV1Q0JIUHFSSjlXN2U5QjlLRzRUQTducUczek9OVkdQazFpeklRV2pldW5GZEhkZnhReGtBPT185AXrA2Lk57qC7WbulwWisv8L-XIGkH7miGDtuKlJwuo=","refresh_token":"SEV0001MTUxNzk2ODk2N3xsQmc5TFl6M0ZwSEp5X1pIcXhFMlhwRVBlOTAxUURvM0tTSjktMHV3dGQyTktWaFRHOGRZVmF6cW4tbVFHbk1IeDZoOTdQeXY4RGFUZ0ZxSUZDb1JRMDIyZ1ljZUM4U1hjLUJDQmx6MS1RZERDZmVCcmxCTXRtVXZIdVd5WldZVktiZ3JPNGtvaExaZHVMRnlmX0otcWE3QWtSVEdCd0ZtcGtJbUdzSHc1c2V3VkwwbEYtUVNQaS1kNUJPVmo4d24xUT09fNDlCKR555hiWxqD5qsQkdIoBvHkIJwqaC1sFLlT3loq","expires_in":2591999,"expiry_time":1520561334,"merchant_user_id":"1510810263662963455-13-3-709-3991257234"}}

